<?xml version="1.0" encoding="UTF-8"?>
<testng-results ignored="0" total="1" passed="1" failed="0" skipped="0">
  <reporter-output>
    <line>
      <![CDATA[Data base connetion start]]>
    </line>
    <line>
      <![CDATA[User is able to open empty browser]]>
    </line>
    <line>
      <![CDATA[User is able to open DemoWebShop]]>
    </line>
    <line>
      <![CDATA[user is able to land on DemoWebShop home page]]>
    </line>
    <line>
      <![CDATA[user is able to close the demowebshop]]>
    </line>
    <line>
      <![CDATA[Data base connetion stop]]>
    </line>
  </reporter-output>
  <suite started-at="2024-03-19T16:42:41 IST" name="Default suite" finished-at="2024-03-19T16:43:03 IST" duration-ms="21885">
    <groups>
    </groups>
    <test started-at="2024-03-19T16:42:41 IST" name="Default test" finished-at="2024-03-19T16:43:03 IST" duration-ms="21885">
      <class name="workingwithPOM.Tc_Demo_003">
        <test-method is-config="true" signature="beforeSuite()[pri:0, instance:workingwithPOM.Tc_Demo_003@7f010382]" started-at="2024-03-19T16:42:41 IST" name="beforeSuite" finished-at="2024-03-19T16:42:41 IST" duration-ms="15" status="PASS">
          <reporter-output>
            <line>
              <![CDATA[Data base connetion start]]>
            </line>
          </reporter-output>
        </test-method> <!-- beforeSuite -->
        <test-method is-config="true" signature="browserSetUp()[pri:0, instance:workingwithPOM.Tc_Demo_003@7f010382]" started-at="2024-03-19T16:42:41 IST" name="browserSetUp" finished-at="2024-03-19T16:42:56 IST" duration-ms="15386" status="PASS">
          <reporter-output>
            <line>
              <![CDATA[User is able to open empty browser]]>
            </line>
            <line>
              <![CDATA[User is able to open DemoWebShop]]>
            </line>
            <line>
              <![CDATA[user is able to land on DemoWebShop home page]]>
            </line>
          </reporter-output>
        </test-method> <!-- browserSetUp -->
        <test-method signature="searchProduct()[pri:0, instance:workingwithPOM.Tc_Demo_003@7f010382]" started-at="2024-03-19T16:42:56 IST" name="searchProduct" finished-at="2024-03-19T16:43:02 IST" duration-ms="5383" status="PASS">
          <reporter-output>
          </reporter-output>
        </test-method> <!-- searchProduct -->
        <test-method is-config="true" signature="toQuitBrowser()[pri:0, instance:workingwithPOM.Tc_Demo_003@7f010382]" started-at="2024-03-19T16:43:02 IST" name="toQuitBrowser" finished-at="2024-03-19T16:43:03 IST" duration-ms="1069" status="PASS">
          <reporter-output>
            <line>
              <![CDATA[user is able to close the demowebshop]]>
            </line>
          </reporter-output>
        </test-method> <!-- toQuitBrowser -->
        <test-method is-config="true" signature="afterSuite()[pri:0, instance:workingwithPOM.Tc_Demo_003@7f010382]" started-at="2024-03-19T16:43:03 IST" name="afterSuite" finished-at="2024-03-19T16:43:03 IST" duration-ms="0" status="PASS">
          <reporter-output>
            <line>
              <![CDATA[Data base connetion stop]]>
            </line>
          </reporter-output>
        </test-method> <!-- afterSuite -->
      </class> <!-- workingwithPOM.Tc_Demo_003 -->
    </test> <!-- Default test -->
  </suite> <!-- Default suite -->
</testng-results>
